<?xml version="1.0" encoding="UTF-8"?>
<!-- Generated by org.testng.reporters.JUnitXMLReporter -->
<testsuite ignored="0" hostname="LAPTOP-B5LLFCD0" failures="0" tests="6" name="Default test" time="106.28" errors="0" timestamp="2023-04-26T17:00:43 IST">
  <testcase classname="api.test.DDUserTest" name="testPostUser" time="7.321"/>
  <testcase classname="api.test.DDUserTest" name="testPostUser" time="1.678"/>
  <testcase classname="api.test.DDUserTest" name="testPostUser" time="2.345"/>
  <testcase classname="api.test.DDUserTest" name="testDeleteUser" time="2.272"/>
  <testcase classname="api.test.DDUserTest" name="testDeleteUser" time="65.309"/>
  <testcase classname="api.test.DDUserTest" name="testDeleteUser" time="23.673"/>
</testsuite> <!-- Default test -->
