<?xml version="1.0" encoding="UTF-8"?>
<testng-results ignored="0" total="4" passed="4" failed="0" skipped="0">
  <reporter-output>
  </reporter-output>
  <suite started-at="2023-05-03T14:36:08 IST" name="PetSuite" finished-at="2023-05-03T14:36:25 IST" duration-ms="16447">
    <groups>
    </groups>
    <test started-at="2023-05-03T14:36:08 IST" name="PetTest" finished-at="2023-05-03T14:36:25 IST" duration-ms="16447">
      <class name="api.test.UserTestwithPropertiesFile">
        <test-method is-config="true" signature="setupData()[pri:0, instance:api.test.UserTestwithPropertiesFile@38cee291]" started-at="2023-05-03T14:36:09 IST" name="setupData" finished-at="2023-05-03T14:36:09 IST" duration-ms="426" status="PASS">
          <reporter-output>
          </reporter-output>
        </test-method> <!-- setupData -->
        <test-method signature="testPostUser()[pri:1, instance:api.test.UserTestwithPropertiesFile@38cee291]" started-at="2023-05-03T14:36:09 IST" name="testPostUser" finished-at="2023-05-03T14:36:18 IST" duration-ms="8370" status="PASS">
          <reporter-output>
          </reporter-output>
        </test-method> <!-- testPostUser -->
        <test-method signature="testGetUser()[pri:2, instance:api.test.UserTestwithPropertiesFile@38cee291]" started-at="2023-05-03T14:36:18 IST" name="testGetUser" finished-at="2023-05-03T14:36:21 IST" duration-ms="3697" status="PASS">
          <reporter-output>
          </reporter-output>
        </test-method> <!-- testGetUser -->
        <test-method signature="updateUser()[pri:3, instance:api.test.UserTestwithPropertiesFile@38cee291]" started-at="2023-05-03T14:36:21 IST" name="updateUser" finished-at="2023-05-03T14:36:23 IST" duration-ms="1800" status="PASS">
          <reporter-output>
          </reporter-output>
        </test-method> <!-- updateUser -->
        <test-method signature="deleteUser()[pri:4, instance:api.test.UserTestwithPropertiesFile@38cee291]" started-at="2023-05-03T14:36:23 IST" name="deleteUser" finished-at="2023-05-03T14:36:25 IST" duration-ms="1534" status="PASS">
          <reporter-output>
          </reporter-output>
        </test-method> <!-- deleteUser -->
      </class> <!-- api.test.UserTestwithPropertiesFile -->
    </test> <!-- PetTest -->
  </suite> <!-- PetSuite -->
</testng-results>
