<?xml version="1.0" encoding="UTF-8"?>
<testng-results ignored="0" total="4" passed="4" failed="0" skipped="0">
  <reporter-output>
  </reporter-output>
  <suite started-at="2023-04-30T13:02:49 IST" name="PetSuite" finished-at="2023-04-30T13:02:59 IST" duration-ms="10332">
    <groups>
    </groups>
    <test started-at="2023-04-30T13:02:49 IST" name="PetTest" finished-at="2023-04-30T13:02:59 IST" duration-ms="10332">
      <class name="api.test.UserTestwithPropertiesFile">
        <test-method is-config="true" signature="setupData()[pri:0, instance:api.test.UserTestwithPropertiesFile@6ae5aa72]" started-at="2023-04-30T13:02:49 IST" name="setupData" finished-at="2023-04-30T13:02:50 IST" duration-ms="355" status="PASS">
          <reporter-output>
          </reporter-output>
        </test-method> <!-- setupData -->
        <test-method signature="testPostUser()[pri:1, instance:api.test.UserTestwithPropertiesFile@6ae5aa72]" started-at="2023-04-30T13:02:50 IST" name="testPostUser" finished-at="2023-04-30T13:02:54 IST" duration-ms="4695" status="PASS">
          <reporter-output>
          </reporter-output>
        </test-method> <!-- testPostUser -->
        <test-method signature="testGetUser()[pri:2, instance:api.test.UserTestwithPropertiesFile@6ae5aa72]" started-at="2023-04-30T13:02:54 IST" name="testGetUser" finished-at="2023-04-30T13:02:56 IST" duration-ms="1569" status="PASS">
          <reporter-output>
          </reporter-output>
        </test-method> <!-- testGetUser -->
        <test-method signature="updateUser()[pri:3, instance:api.test.UserTestwithPropertiesFile@6ae5aa72]" started-at="2023-04-30T13:02:56 IST" name="updateUser" finished-at="2023-04-30T13:02:57 IST" duration-ms="1531" status="PASS">
          <reporter-output>
          </reporter-output>
        </test-method> <!-- updateUser -->
        <test-method signature="deleteUser()[pri:4, instance:api.test.UserTestwithPropertiesFile@6ae5aa72]" started-at="2023-04-30T13:02:57 IST" name="deleteUser" finished-at="2023-04-30T13:02:59 IST" duration-ms="1634" status="PASS">
          <reporter-output>
          </reporter-output>
        </test-method> <!-- deleteUser -->
      </class> <!-- api.test.UserTestwithPropertiesFile -->
    </test> <!-- PetTest -->
  </suite> <!-- PetSuite -->
</testng-results>
