<?xml version="1.0" encoding="UTF-8"?>
<!-- Generated by org.testng.reporters.JUnitXMLReporter -->
<testsuite ignored="0" hostname="LAPTOP-B5LLFCD0" failures="0" tests="4" name="PetTest" time="16.447" errors="0" timestamp="2023-05-03T14:36:25 IST">
  <testcase classname="api.test.UserTestwithPropertiesFile" name="testPostUser" time="8.37"/>
  <testcase classname="api.test.UserTestwithPropertiesFile" name="testGetUser" time="3.697"/>
  <testcase classname="api.test.UserTestwithPropertiesFile" name="updateUser" time="1.8"/>
  <testcase classname="api.test.UserTestwithPropertiesFile" name="deleteUser" time="1.534"/>
</testsuite> <!-- PetTest -->
