<?xml version="1.0" encoding="UTF-8"?>
<!-- Generated by org.testng.reporters.JUnitXMLReporter -->
<testsuite ignored="0" hostname="LAPTOP-B5LLFCD0" failures="0" tests="4" name="PetTest" time="10.332" errors="0" timestamp="2023-04-30T13:03:00 IST">
  <testcase classname="api.test.UserTestwithPropertiesFile" name="testPostUser" time="4.695"/>
  <testcase classname="api.test.UserTestwithPropertiesFile" name="testGetUser" time="1.569"/>
  <testcase classname="api.test.UserTestwithPropertiesFile" name="updateUser" time="1.531"/>
  <testcase classname="api.test.UserTestwithPropertiesFile" name="deleteUser" time="1.634"/>
</testsuite> <!-- PetTest -->
